


ARM Macro Assembler    Page 1 


    1 00000000         ;            Computer Architectures - 02LSEOV 02LSEOQ   
                                ;
    2 00000000         ; author:   Paolo BERNARDI - Politecnico di Torino      
                            ;
    3 00000000         ; creation:  11 November 2018         ;
    4 00000000         ; last update:  13 November 2018         ;
    5 00000000         ; functionalities:             ;
    6 00000000         ;  nothing but bringing to the reset handler     ;
    7 00000000         
    8 00000000         ; *------- <<< Use Configuration Wizard in Context Menu 
                       >>> ------------------
    9 00000000         
   10 00000000         ; <h> Stack Configuration
   11 00000000         ;   <o> Stack Size (in Bytes) <0x0-0xFFFFFFFF:8>
   12 00000000         ; </h>
   13 00000000         
   14 00000000 00000200 
                       Stack_Size
                               EQU              0x00000200
   15 00000000         
   16 00000000                 AREA             STACK, NOINIT, READWRITE, ALIGN
=3
   17 00000000                 SPACE            Stack_Size/2
   18 00000100         Stack_Mem
                               SPACE            Stack_Size/2
   19 00000200         __initial_sp
   20 00000200         
   21 00000200         
   22 00000200         
   23 00000200         
   24 00000200         ; <h> Heap Configuration
   25 00000200         ;   <o>  Heap Size (in Bytes) <0x0-0xFFFFFFFF:8>
   26 00000200         ; </h>
   27 00000200         
   28 00000200 00000200 
                       Heap_Size
                               EQU              0x00000200
   29 00000200         
   30 00000200                 AREA             HEAP, NOINIT, READWRITE, ALIGN=
3
   31 00000000         __heap_base
   32 00000000         Heap_Mem
                               SPACE            Heap_Size
   33 00000200         __heap_limit
   34 00000200         
   35 00000200         
   36 00000200                 PRESERVE8
   37 00000200                 THUMB
   38 00000200         
   39 00000200         
   40 00000200         ; Vector Table Mapped to Address 0 at Reset
   41 00000200         
   42 00000200                 AREA             RESET, DATA, READONLY
   43 00000000                 EXPORT           __Vectors
   44 00000000         
   45 00000000 00000000 
                       __Vectors
                               DCD              __initial_sp ; Top of Stack
   46 00000004 00000000        DCD              Reset_Handler ; Reset Handler



ARM Macro Assembler    Page 2 


   47 00000008 00000000        DCD              NMI_Handler ; NMI Handler
   48 0000000C 00000000        DCD              HardFault_Handler ; Hard Fault 
                                                            Handler
   49 00000010 00000000        DCD              MemManage_Handler 
                                                            ; MPU Fault Handler
                                                            
   50 00000014 00000000        DCD              BusFault_Handler 
                                                            ; Bus Fault Handler
                                                            
   51 00000018 00000000        DCD              UsageFault_Handler ; Usage Faul
                                                            t Handler
   52 0000001C 00000000        DCD              0           ; Reserved
   53 00000020 00000000        DCD              0           ; Reserved
   54 00000024 00000000        DCD              0           ; Reserved
   55 00000028 00000000        DCD              0           ; Reserved
   56 0000002C 00000000        DCD              SVC_Handler ; SVCall Handler
   57 00000030 00000000        DCD              DebugMon_Handler ; Debug Monito
                                                            r Handler
   58 00000034 00000000        DCD              0           ; Reserved
   59 00000038 00000000        DCD              PendSV_Handler ; PendSV Handler
                                                            
   60 0000003C 00000000        DCD              SysTick_Handler 
                                                            ; SysTick Handler
   61 00000040         
   62 00000040         ; External Interrupts
   63 00000040 00000000        DCD              WDT_IRQHandler ; 16: Watchdog T
                                                            imer
   64 00000044 00000000        DCD              TIMER0_IRQHandler ; 17: Timer0
   65 00000048 00000000        DCD              TIMER1_IRQHandler ; 18: Timer1
   66 0000004C 00000000        DCD              TIMER2_IRQHandler ; 19: Timer2
   67 00000050 00000000        DCD              TIMER3_IRQHandler ; 20: Timer3
   68 00000054 00000000        DCD              UART0_IRQHandler ; 21: UART0
   69 00000058 00000000        DCD              UART1_IRQHandler ; 22: UART1
   70 0000005C 00000000        DCD              UART2_IRQHandler ; 23: UART2
   71 00000060 00000000        DCD              UART3_IRQHandler ; 24: UART3
   72 00000064 00000000        DCD              PWM1_IRQHandler ; 25: PWM1
   73 00000068 00000000        DCD              I2C0_IRQHandler ; 26: I2C0
   74 0000006C 00000000        DCD              I2C1_IRQHandler ; 27: I2C1
   75 00000070 00000000        DCD              I2C2_IRQHandler ; 28: I2C2
   76 00000074 00000000        DCD              SPI_IRQHandler ; 29: SPI
   77 00000078 00000000        DCD              SSP0_IRQHandler ; 30: SSP0
   78 0000007C 00000000        DCD              SSP1_IRQHandler ; 31: SSP1
   79 00000080 00000000        DCD              PLL0_IRQHandler ; 32: PLL0 Lock
                                                             (Main PLL)
   80 00000084 00000000        DCD              RTC_IRQHandler ; 33: Real Time 
                                                            Clock
   81 00000088 00000000        DCD              EINT0_IRQHandler ; 34: External
                                                             Interrupt 0
   82 0000008C 00000000        DCD              EINT1_IRQHandler ; 35: External
                                                             Interrupt 1
   83 00000090 00000000        DCD              EINT2_IRQHandler ; 36: External
                                                             Interrupt 2
   84 00000094 00000000        DCD              EINT3_IRQHandler ; 37: External
                                                             Interrupt 3
   85 00000098 00000000        DCD              ADC_IRQHandler 
                                                            ; 38: A/D Converter
                                                            
   86 0000009C 00000000        DCD              BOD_IRQHandler ; 39: Brown-Out 
                                                            Detect



ARM Macro Assembler    Page 3 


   87 000000A0 00000000        DCD              USB_IRQHandler ; 40: USB
   88 000000A4 00000000        DCD              CAN_IRQHandler ; 41: CAN
   89 000000A8 00000000        DCD              DMA_IRQHandler ; 42: General Pu
                                                            rpose DMA
   90 000000AC 00000000        DCD              I2S_IRQHandler ; 43: I2S
   91 000000B0 00000000        DCD              ENET_IRQHandler ; 44: Ethernet
   92 000000B4 00000000        DCD              RIT_IRQHandler ; 45: Repetitive
                                                             Interrupt Timer
   93 000000B8 00000000        DCD              MCPWM_IRQHandler ; 46: Motor Co
                                                            ntrol PWM
   94 000000BC 00000000        DCD              QEI_IRQHandler ; 47: Quadrature
                                                             Encoder Interface
   95 000000C0 00000000        DCD              PLL1_IRQHandler ; 48: PLL1 Lock
                                                             (USB PLL)
   96 000000C4 00000000        DCD              USBActivity_IRQHandler ; 49: US
                                                            B Activity interrup
                                                            t to wakeup
   97 000000C8 00000000        DCD              CANActivity_IRQHandler ; 50: CA
                                                            N Activity interrup
                                                            t to wakeup
   98 000000CC         
   99 000000CC         
  100 000000CC                 IF               :LNOT::DEF:NO_CRP
  101 000000CC                 AREA             |.ARM.__at_0x02FC|, CODE, READO
NLY
  102 00000000 FFFFFFFF 
                       CRP_Key DCD              0xFFFFFFFF
  103 00000004                 ENDIF
  104 00000004         
  105 00000004                 AREA             |.vectors|, DATA , READWRITE
  106 00000000         ;Source    DCW  1, 2, 3, 4, 5, 6, 7, 8, 9, 10, 11, 12, 1
                       3, 14, 15, 16 INSERENDO IL VETTORE QUI NON VENGONO MEMOR
                       IZZATI VALORI
  107 00000000 00 00 00 
              00 00 00 
              00 00 00 
              00 00 00 
              00 00 00 
              00 00 00 
              00 00 00 
              00 00 00 
              00 00 00 
              00 00 00 
              00 00 00 
              00 00 00 
              00 00 00 
              00 00 00 
              00 00 00 
              00 00 00 
              00 00 00 
              00 00 00 
              00 00 00 
              00 00 00 
              00 00 00 
              00       Destination
                               SPACE            64
  108 00000040         
  109 00000040                 AREA             |.text|, CODE, READONLY
  110 00000000         



ARM Macro Assembler    Page 4 


  111 00000000         
  112 00000000         ; Reset Handler
  113 00000000         
  114 00000000         Reset_Handler
                               PROC
  115 00000000                 EXPORT           Reset_Handler             [WEAK
]
  116 00000000         
  117 00000000         ; your code here
  118 00000000 F04F 0000       MOV              R0, #0
  119 00000004 F380 8814       MSR              CONTROL, R0
  120 00000008 F8DF D138       LDR              SP, =Stack_Mem
  121 0000000C 01 00 02 
              00 03 00 
              04 00 05 
              00 06 00 
              07 00 08 
              00 09 00 
              0A 00 0B 
              00 0C 00 
              0D 00 0E 
              00 0F 00 
              10 00    Source  DCW              1, 2, 3, 4, 5, 6, 7, 8, 9, 10, 
11, 12, 13, 14, 15, 16
  122 0000002C         
  123 0000002C 4846            LDR              R0, =Source
  124 0000002E 4947            LDR              R1, =Destination
  125 00000030 B403            STMFD            SP!, {R0,R1}
  126 00000032 B408            STMFD            SP!, {R3}   ;spazio per il risu
                                                            ltato nelo stack
  127 00000034 F04F 0201       MOV              R2,#1
  128 00000038 DF40            SVC              64
  129 0000003A BC10            LDMFD            SP!,{R4}    ;leggo risultato da
                                                            llo stack
  130 0000003C         
  131 0000003C         
  132 0000003C E7FE    InfLoop B                InfLoop
  133 0000003E                 ENDP
  134 0000003E         
  135 0000003E         
  136 0000003E         ; Dummy Exception Handlers (infinite loops which can be 
                       modified)
  137 0000003E         
  138 0000003E         NMI_Handler
                               PROC
  139 0000003E                 EXPORT           NMI_Handler               [WEAK
]
  140 0000003E E7FE            B                .
  141 00000040                 ENDP
  143 00000040         HardFault_Handler
                               PROC
  144 00000040                 EXPORT           HardFault_Handler         [WEAK
]
  145 00000040 E7FE            B                .
  146 00000042                 ENDP
  148 00000042         MemManage_Handler
                               PROC
  149 00000042                 EXPORT           MemManage_Handler         [WEAK
]



ARM Macro Assembler    Page 5 


  150 00000042 E7FE            B                .
  151 00000044                 ENDP
  153 00000044         BusFault_Handler
                               PROC
  154 00000044                 EXPORT           BusFault_Handler          [WEAK
]
  155 00000044 E7FE            B                .
  156 00000046                 ENDP
  158 00000046         UsageFault_Handler
                               PROC
  159 00000046                 EXPORT           UsageFault_Handler        [WEAK
]
  160 00000046 E7FE            B                .
  161 00000048                 ENDP
  162 00000048         SVC_Handler
                               PROC
  163 00000048                 EXPORT           SVC_Handler               [WEAK
]
  164 00000048         
  165 00000048 E92D 5FFF       STMFD            SP!, {R0-R12, LR}
  166 0000004C F01E 0F00       TST              LR, #0
  167 00000050 BF0C F3EF 
              8908             MRSEQ            R9, MSP
  168 00000056 F3EF 8909       MRSNE            R9, PSP
  169 0000005A F8D9 8050       LDR              R8, [R9, #80]
  170 0000005E F858 8C04       LDR              R8, [R8,#-4]
  171 00000062 F028 487F       BIC              R8, #0xFF000000
  172 00000066 EA4F 4818       LSR              R8, #16
  173 0000006A         ;PER IDENTIFICARE LO STACK SI DEVE VEDERE LR -> IN BASE 
                       AL CODICE DENTRO SI CAPISCE LO SP DELL'UTENTE
  174 0000006A         ;SE IN PRIV. MODE=MSP.
  175 0000006A         ;N.B. TST LR,#1 VA CAMBIATO IN TST LR,#4
  176 0000006A         ;LO STACK utente è QUELLO DELLE SLIDE -> PER ACCEDERE AI
                        VALORI DELL'UTENTE SERVE IL SUO SP
  177 0000006A         ;MOV R5,0
  178 0000006A         ;STR R5,[R1] SCRIVE 0 NELLO SP DELL'UTENTE -> QUESTO RIP
                       RISTINA I VALORI PRESENTI NELLO STACK DELL'UTENTE
  179 0000006A         ;PER IL RESET DI R0,R1,R2,R3,R12 USO QUESTO TRUCCO, PER 
                       GLI ALTRI DEVO FARE IL RESET SUBITO PRIMA DEL RITORNO AL
                       LA FUNZIONE
  180 0000006A         ;
  181 0000006A         ;verifica casi
  182 0000006A         
  183 0000006A F1B8 0F08       CMP              R8,#8
  184 0000006E DB20            BLT              SVC_Reset   ;se minore di 8 pas
                                                            so al reset dei reg
                                                            istri
  185 00000070         
  186 00000070 F1B8 0F0F       CMP              R8,#15
  187 00000074 DD5D            BLE              SVC_Nop     ; se maggiore di 8 
                                                            e minore di 15 salt
                                                            o a NOP
  188 00000076 F1B8 0F80       CMP              R8,#128
  189 0000007A DA5A            BGE              SVC_Nop     ; se maggiore o ugu
                                                            ale a 128 salto a N
                                                            OP
  190 0000007C F1B8 0F40       CMP              R8,#64      ; se compreso tra 1
                                                            6 e 64 esco
  191 00000080 DB58            BLT              SVC_End



ARM Macro Assembler    Page 6 


  192 00000082         
  193 00000082 F8D9 A060       LDR              R10,[R9,#96] ;R10 contiene Sour
                                                            ceStartAddress
  194 00000086 F8D9 B064       LDR              R11,[R9,#100] ;R11 contiene Des
                                                            tStartAddress
  195 0000008A 46C4            MOV              R12,R8
  196 0000008C EA4F 0C9C       LSR              R12,#2
  197 00000090 4662            MOV              R2,R12
  198 00000092 F89A 0000 
                       SVC_MEMCPY
                               LDRB             R0,[R10]
  199 00000096 F88B 0000       STRB             R0,[R11]
  200 0000009A F10A 0A01       ADD              R10,R10,#1
  201 0000009E F10B 0B01       ADD              R11,R11,#1
  202 000000A2 F11C 3CFF       ADDS             R12,R12,#-1
  203 000000A6 D1F4            BNE              SVC_MEMCPY
  204 000000A8 EBA2 0C0C       SUB              R12,R2,R12
  205 000000AC F8C9 C058       STR              R12,[R9,#88]
  206 000000B0         
  207 000000B0 E040            B                SVC_End
  208 000000B2         
  209 000000B2         SVC_Reset                            ;Dato che i registr
                                                            i R0-R3 sono salvat
                                                            i nello Stack Utent
                                                            e (che è Thread Mod
                                                            e e senza privilegi
                                                            , ovvero diverso da
                                                             quello attuale, 
  210 000000B2         ;e per questo motivo verranno ripristiati dopo la chiama
                       ta alla SVC) per resettarli
  211 000000B2         ; si modificano direttamente i valori nello stack utente
                        (PSP).
  212 000000B2         ;Per gli altri registri si ripristinano i valori salvati
                        all'inizio della SVC e si resettano
  213 000000B2         
  214 000000B2         
  215 000000B2         ;R0-R3 -> accedo a Stack Utente PSP
  216 000000B2         ;MRS R9,PSP
  217 000000B2         
  218 000000B2 F1B8 0F00       CMP              R8,#0
  219 000000B6         
  220 000000B6 BF01 2000       MOVEQ            R0,#0
  221 000000BA F8C9 0038       STREQ            R0,[R9,#56]
  222 000000BE E8BD 5FFF       LDMFDEQ          SP!, {R0-R12, LR}
  223 000000C2 4770            BXEQ             LR
  224 000000C4         
  225 000000C4 F1B8 0F01       CMP              R8,#1
  226 000000C8         
  227 000000C8 BF01 2100       MOVEQ            R1,#0
  228 000000CC F8C9 103C       STREQ            R1,[R9, #60]
  229 000000D0 E8BD 5FFF       LDMFDEQ          SP!, {R0-R12, LR}
  230 000000D4 4770            BXEQ             LR
  231 000000D6         
  232 000000D6 F1B8 0F02       CMP              R8,#2
  233 000000DA         
  234 000000DA BF01 2200       MOVEQ            R2,#0
  235 000000DE F8C9 2040       STREQ            R2,[R9, #64]
  236 000000E2 E8BD 5FFF       LDMFDEQ          SP!, {R0-R12, LR}
  237 000000E6 4770            BXEQ             LR



ARM Macro Assembler    Page 7 


  238 000000E8         
  239 000000E8 F1B8 0F03       CMP              R8,#3
  240 000000EC         
  241 000000EC BF01 2300       MOVEQ            R3,#0
  242 000000F0 F8C9 3044       STREQ            R3,[R9, #68]
  243 000000F4 E8BD 5FFF       LDMFDEQ          SP!, {R0-R12, LR}
  244 000000F8 4770            BXEQ             LR
  245 000000FA         
  246 000000FA         ;R4-R7 -> Accedo direttamente ai registri DOPO aver ripr
                       istinato i loro valori iniziali
  247 000000FA F1B8 0F04       CMP              R8,#4
  248 000000FE BF02 E8BD 
              5FFF             LDMFDEQ          SP!, {R0-R12, LR}
  249 00000104 2400            MOVEQ            R4,#0
  250 00000106 4770            BXEQ             LR
  251 00000108         
  252 00000108 F1B8 0F05       CMP              R8,#5
  253 0000010C BF02 E8BD 
              5FFF             LDMFDEQ          SP!, {R0-R12, LR}
  254 00000112 2500            MOVEQ            R5,#0
  255 00000114 4770            BXEQ             LR
  256 00000116         
  257 00000116 F1B8 0F06       CMP              R8,#6
  258 0000011A BF02 E8BD 
              5FFF             LDMFDEQ          SP!, {R0-R12, LR}
  259 00000120 2600            MOVEQ            R6,#0
  260 00000122 4770            BXEQ             LR
  261 00000124         
  262 00000124 F1B8 0F07       CMP              R8,#7
  263 00000128 BF04 E8BD 
              5FFF             LDMFDEQ          SP!, {R0-R12, LR}
  264 0000012E 2700            MOVEQ            R7,#0
  265 00000130 4770            BX               LR
  266 00000132         
  267 00000132 BF00    SVC_Nop NOP
  268 00000134 E8BD 5FFF 
                       SVC_End LDMFD            SP!, {R0-R12, LR}
  269 00000138 4770            BX               LR
  270 0000013A         
  271 0000013A                 ENDP
  273 0000013A         DebugMon_Handler
                               PROC
  274 0000013A                 EXPORT           DebugMon_Handler          [WEAK
]
  275 0000013A E7FE            B                .
  276 0000013C                 ENDP
  277 0000013C         PendSV_Handler
                               PROC
  278 0000013C                 EXPORT           PendSV_Handler            [WEAK
]
  279 0000013C E7FE            B                .
  280 0000013E                 ENDP
  281 0000013E         SysTick_Handler
                               PROC
  282 0000013E                 EXPORT           SysTick_Handler           [WEAK
]
  283 0000013E E7FE            B                .
  284 00000140                 ENDP
  285 00000140         



ARM Macro Assembler    Page 8 


  286 00000140         Default_Handler
                               PROC
  287 00000140         
  288 00000140                 EXPORT           WDT_IRQHandler            [WEAK
]
  289 00000140                 EXPORT           TIMER0_IRQHandler         [WEAK
]
  290 00000140                 EXPORT           TIMER1_IRQHandler         [WEAK
]
  291 00000140                 EXPORT           TIMER2_IRQHandler         [WEAK
]
  292 00000140                 EXPORT           TIMER3_IRQHandler         [WEAK
]
  293 00000140                 EXPORT           UART0_IRQHandler          [WEAK
]
  294 00000140                 EXPORT           UART1_IRQHandler          [WEAK
]
  295 00000140                 EXPORT           UART2_IRQHandler          [WEAK
]
  296 00000140                 EXPORT           UART3_IRQHandler          [WEAK
]
  297 00000140                 EXPORT           PWM1_IRQHandler           [WEAK
]
  298 00000140                 EXPORT           I2C0_IRQHandler           [WEAK
]
  299 00000140                 EXPORT           I2C1_IRQHandler           [WEAK
]
  300 00000140                 EXPORT           I2C2_IRQHandler           [WEAK
]
  301 00000140                 EXPORT           SPI_IRQHandler            [WEAK
]
  302 00000140                 EXPORT           SSP0_IRQHandler           [WEAK
]
  303 00000140                 EXPORT           SSP1_IRQHandler           [WEAK
]
  304 00000140                 EXPORT           PLL0_IRQHandler           [WEAK
]
  305 00000140                 EXPORT           RTC_IRQHandler            [WEAK
]
  306 00000140                 EXPORT           EINT0_IRQHandler          [WEAK
]
  307 00000140                 EXPORT           EINT1_IRQHandler          [WEAK
]
  308 00000140                 EXPORT           EINT2_IRQHandler          [WEAK
]
  309 00000140                 EXPORT           EINT3_IRQHandler          [WEAK
]
  310 00000140                 EXPORT           ADC_IRQHandler            [WEAK
]
  311 00000140                 EXPORT           BOD_IRQHandler            [WEAK
]
  312 00000140                 EXPORT           USB_IRQHandler            [WEAK
]
  313 00000140                 EXPORT           CAN_IRQHandler            [WEAK
]
  314 00000140                 EXPORT           DMA_IRQHandler            [WEAK
]
  315 00000140                 EXPORT           I2S_IRQHandler            [WEAK
]



ARM Macro Assembler    Page 9 


  316 00000140                 EXPORT           ENET_IRQHandler           [WEAK
]
  317 00000140                 EXPORT           RIT_IRQHandler            [WEAK
]
  318 00000140                 EXPORT           MCPWM_IRQHandler          [WEAK
]
  319 00000140                 EXPORT           QEI_IRQHandler            [WEAK
]
  320 00000140                 EXPORT           PLL1_IRQHandler           [WEAK
]
  321 00000140                 EXPORT           USBActivity_IRQHandler    [WEAK
]
  322 00000140                 EXPORT           CANActivity_IRQHandler    [WEAK
]
  323 00000140         
  324 00000140         WDT_IRQHandler
  325 00000140         TIMER0_IRQHandler
  326 00000140         TIMER1_IRQHandler
  327 00000140         TIMER2_IRQHandler
  328 00000140         TIMER3_IRQHandler
  329 00000140         UART0_IRQHandler
  330 00000140         UART1_IRQHandler
  331 00000140         UART2_IRQHandler
  332 00000140         UART3_IRQHandler
  333 00000140         PWM1_IRQHandler
  334 00000140         I2C0_IRQHandler
  335 00000140         I2C1_IRQHandler
  336 00000140         I2C2_IRQHandler
  337 00000140         SPI_IRQHandler
  338 00000140         SSP0_IRQHandler
  339 00000140         SSP1_IRQHandler
  340 00000140         PLL0_IRQHandler
  341 00000140         RTC_IRQHandler
  342 00000140         EINT0_IRQHandler
  343 00000140         EINT1_IRQHandler
  344 00000140         EINT2_IRQHandler
  345 00000140         EINT3_IRQHandler
  346 00000140         ADC_IRQHandler
  347 00000140         BOD_IRQHandler
  348 00000140         USB_IRQHandler
  349 00000140         CAN_IRQHandler
  350 00000140         DMA_IRQHandler
  351 00000140         I2S_IRQHandler
  352 00000140         ENET_IRQHandler
  353 00000140         RIT_IRQHandler
  354 00000140         MCPWM_IRQHandler
  355 00000140         QEI_IRQHandler
  356 00000140         PLL1_IRQHandler
  357 00000140         USBActivity_IRQHandler
  358 00000140         CANActivity_IRQHandler
  359 00000140         
  360 00000140 E7FE            B                .
  361 00000142         
  362 00000142                 ENDP
  363 00000142         
  364 00000142         
  365 00000142 00 00           ALIGN
  366 00000144         
  367 00000144         



ARM Macro Assembler    Page 10 


  368 00000144         ; User Initial Stack & Heap
  369 00000144         
  370 00000144                 EXPORT           __initial_sp
  371 00000144                 EXPORT           __heap_base
  372 00000144                 EXPORT           __heap_limit
  373 00000144         
  374 00000144                 END
              00000000 
              00000000 
              00000000 
Command Line: --debug --xref --diag_suppress=9931 --cpu=Cortex-M3 --apcs=interw
ork --depend=.\template.d -o.\template.o -IC:\Keil_v5\ARM\RV31\INC -IC:\Keil_v5
\ARM\CMSIS\Include -IC:\Keil_v5\ARM\INC\NXP\LPC17xx --predefine="__EVAL SETA 1"
 --predefine="__UVISION_VERSION SETA 529" --list=.\template.lst template.s



ARM Macro Assembler    Page 1 Alphabetic symbol ordering
Relocatable symbols

STACK 00000000

Symbol: STACK
   Definitions
      At line 16 in file template.s
   Uses
      None
Comment: STACK unused
Stack_Mem 00000100

Symbol: Stack_Mem
   Definitions
      At line 18 in file template.s
   Uses
      At line 120 in file template.s
Comment: Stack_Mem used once
__initial_sp 00000200

Symbol: __initial_sp
   Definitions
      At line 19 in file template.s
   Uses
      At line 45 in file template.s
      At line 370 in file template.s

3 symbols



ARM Macro Assembler    Page 1 Alphabetic symbol ordering
Relocatable symbols

HEAP 00000000

Symbol: HEAP
   Definitions
      At line 30 in file template.s
   Uses
      None
Comment: HEAP unused
Heap_Mem 00000000

Symbol: Heap_Mem
   Definitions
      At line 32 in file template.s
   Uses
      None
Comment: Heap_Mem unused
__heap_base 00000000

Symbol: __heap_base
   Definitions
      At line 31 in file template.s
   Uses
      At line 371 in file template.s
Comment: __heap_base used once
__heap_limit 00000200

Symbol: __heap_limit
   Definitions
      At line 33 in file template.s
   Uses
      At line 372 in file template.s
Comment: __heap_limit used once
4 symbols



ARM Macro Assembler    Page 1 Alphabetic symbol ordering
Relocatable symbols

RESET 00000000

Symbol: RESET
   Definitions
      At line 42 in file template.s
   Uses
      None
Comment: RESET unused
__Vectors 00000000

Symbol: __Vectors
   Definitions
      At line 45 in file template.s
   Uses
      At line 43 in file template.s
Comment: __Vectors used once
2 symbols



ARM Macro Assembler    Page 1 Alphabetic symbol ordering
Relocatable symbols

.ARM.__at_0x02FC 00000000

Symbol: .ARM.__at_0x02FC
   Definitions
      At line 101 in file template.s
   Uses
      None
Comment: .ARM.__at_0x02FC unused
CRP_Key 00000000

Symbol: CRP_Key
   Definitions
      At line 102 in file template.s
   Uses
      None
Comment: CRP_Key unused
2 symbols



ARM Macro Assembler    Page 1 Alphabetic symbol ordering
Relocatable symbols

.vectors 00000000

Symbol: .vectors
   Definitions
      At line 105 in file template.s
   Uses
      None
Comment: .vectors unused
Destination 00000000

Symbol: Destination
   Definitions
      At line 107 in file template.s
   Uses
      At line 124 in file template.s
Comment: Destination used once
2 symbols



ARM Macro Assembler    Page 1 Alphabetic symbol ordering
Relocatable symbols

.text 00000000

Symbol: .text
   Definitions
      At line 109 in file template.s
   Uses
      None
Comment: .text unused
ADC_IRQHandler 00000140

Symbol: ADC_IRQHandler
   Definitions
      At line 346 in file template.s
   Uses
      At line 85 in file template.s
      At line 310 in file template.s

BOD_IRQHandler 00000140

Symbol: BOD_IRQHandler
   Definitions
      At line 347 in file template.s
   Uses
      At line 86 in file template.s
      At line 311 in file template.s

BusFault_Handler 00000044

Symbol: BusFault_Handler
   Definitions
      At line 153 in file template.s
   Uses
      At line 50 in file template.s
      At line 154 in file template.s

CANActivity_IRQHandler 00000140

Symbol: CANActivity_IRQHandler
   Definitions
      At line 358 in file template.s
   Uses
      At line 97 in file template.s
      At line 322 in file template.s

CAN_IRQHandler 00000140

Symbol: CAN_IRQHandler
   Definitions
      At line 349 in file template.s
   Uses
      At line 88 in file template.s
      At line 313 in file template.s

DMA_IRQHandler 00000140

Symbol: DMA_IRQHandler
   Definitions
      At line 350 in file template.s
   Uses



ARM Macro Assembler    Page 2 Alphabetic symbol ordering
Relocatable symbols

      At line 89 in file template.s
      At line 314 in file template.s

DebugMon_Handler 0000013A

Symbol: DebugMon_Handler
   Definitions
      At line 273 in file template.s
   Uses
      At line 57 in file template.s
      At line 274 in file template.s

Default_Handler 00000140

Symbol: Default_Handler
   Definitions
      At line 286 in file template.s
   Uses
      None
Comment: Default_Handler unused
EINT0_IRQHandler 00000140

Symbol: EINT0_IRQHandler
   Definitions
      At line 342 in file template.s
   Uses
      At line 81 in file template.s
      At line 306 in file template.s

EINT1_IRQHandler 00000140

Symbol: EINT1_IRQHandler
   Definitions
      At line 343 in file template.s
   Uses
      At line 82 in file template.s
      At line 307 in file template.s

EINT2_IRQHandler 00000140

Symbol: EINT2_IRQHandler
   Definitions
      At line 344 in file template.s
   Uses
      At line 83 in file template.s
      At line 308 in file template.s

EINT3_IRQHandler 00000140

Symbol: EINT3_IRQHandler
   Definitions
      At line 345 in file template.s
   Uses
      At line 84 in file template.s
      At line 309 in file template.s

ENET_IRQHandler 00000140

Symbol: ENET_IRQHandler



ARM Macro Assembler    Page 3 Alphabetic symbol ordering
Relocatable symbols

   Definitions
      At line 352 in file template.s
   Uses
      At line 91 in file template.s
      At line 316 in file template.s

HardFault_Handler 00000040

Symbol: HardFault_Handler
   Definitions
      At line 143 in file template.s
   Uses
      At line 48 in file template.s
      At line 144 in file template.s

I2C0_IRQHandler 00000140

Symbol: I2C0_IRQHandler
   Definitions
      At line 334 in file template.s
   Uses
      At line 73 in file template.s
      At line 298 in file template.s

I2C1_IRQHandler 00000140

Symbol: I2C1_IRQHandler
   Definitions
      At line 335 in file template.s
   Uses
      At line 74 in file template.s
      At line 299 in file template.s

I2C2_IRQHandler 00000140

Symbol: I2C2_IRQHandler
   Definitions
      At line 336 in file template.s
   Uses
      At line 75 in file template.s
      At line 300 in file template.s

I2S_IRQHandler 00000140

Symbol: I2S_IRQHandler
   Definitions
      At line 351 in file template.s
   Uses
      At line 90 in file template.s
      At line 315 in file template.s

InfLoop 0000003C

Symbol: InfLoop
   Definitions
      At line 132 in file template.s
   Uses
      At line 132 in file template.s
Comment: InfLoop used once



ARM Macro Assembler    Page 4 Alphabetic symbol ordering
Relocatable symbols

MCPWM_IRQHandler 00000140

Symbol: MCPWM_IRQHandler
   Definitions
      At line 354 in file template.s
   Uses
      At line 93 in file template.s
      At line 318 in file template.s

MemManage_Handler 00000042

Symbol: MemManage_Handler
   Definitions
      At line 148 in file template.s
   Uses
      At line 49 in file template.s
      At line 149 in file template.s

NMI_Handler 0000003E

Symbol: NMI_Handler
   Definitions
      At line 138 in file template.s
   Uses
      At line 47 in file template.s
      At line 139 in file template.s

PLL0_IRQHandler 00000140

Symbol: PLL0_IRQHandler
   Definitions
      At line 340 in file template.s
   Uses
      At line 79 in file template.s
      At line 304 in file template.s

PLL1_IRQHandler 00000140

Symbol: PLL1_IRQHandler
   Definitions
      At line 356 in file template.s
   Uses
      At line 95 in file template.s
      At line 320 in file template.s

PWM1_IRQHandler 00000140

Symbol: PWM1_IRQHandler
   Definitions
      At line 333 in file template.s
   Uses
      At line 72 in file template.s
      At line 297 in file template.s

PendSV_Handler 0000013C

Symbol: PendSV_Handler
   Definitions
      At line 277 in file template.s



ARM Macro Assembler    Page 5 Alphabetic symbol ordering
Relocatable symbols

   Uses
      At line 59 in file template.s
      At line 278 in file template.s

QEI_IRQHandler 00000140

Symbol: QEI_IRQHandler
   Definitions
      At line 355 in file template.s
   Uses
      At line 94 in file template.s
      At line 319 in file template.s

RIT_IRQHandler 00000140

Symbol: RIT_IRQHandler
   Definitions
      At line 353 in file template.s
   Uses
      At line 92 in file template.s
      At line 317 in file template.s

RTC_IRQHandler 00000140

Symbol: RTC_IRQHandler
   Definitions
      At line 341 in file template.s
   Uses
      At line 80 in file template.s
      At line 305 in file template.s

Reset_Handler 00000000

Symbol: Reset_Handler
   Definitions
      At line 114 in file template.s
   Uses
      At line 46 in file template.s
      At line 115 in file template.s

SPI_IRQHandler 00000140

Symbol: SPI_IRQHandler
   Definitions
      At line 337 in file template.s
   Uses
      At line 76 in file template.s
      At line 301 in file template.s

SSP0_IRQHandler 00000140

Symbol: SSP0_IRQHandler
   Definitions
      At line 338 in file template.s
   Uses
      At line 77 in file template.s
      At line 302 in file template.s

SSP1_IRQHandler 00000140



ARM Macro Assembler    Page 6 Alphabetic symbol ordering
Relocatable symbols


Symbol: SSP1_IRQHandler
   Definitions
      At line 339 in file template.s
   Uses
      At line 78 in file template.s
      At line 303 in file template.s

SVC_End 00000134

Symbol: SVC_End
   Definitions
      At line 268 in file template.s
   Uses
      At line 191 in file template.s
      At line 207 in file template.s

SVC_Handler 00000048

Symbol: SVC_Handler
   Definitions
      At line 162 in file template.s
   Uses
      At line 56 in file template.s
      At line 163 in file template.s

SVC_MEMCPY 00000092

Symbol: SVC_MEMCPY
   Definitions
      At line 198 in file template.s
   Uses
      At line 203 in file template.s
Comment: SVC_MEMCPY used once
SVC_Nop 00000132

Symbol: SVC_Nop
   Definitions
      At line 267 in file template.s
   Uses
      At line 187 in file template.s
      At line 189 in file template.s

SVC_Reset 000000B2

Symbol: SVC_Reset
   Definitions
      At line 209 in file template.s
   Uses
      At line 184 in file template.s
Comment: SVC_Reset used once
Source 0000000C

Symbol: Source
   Definitions
      At line 121 in file template.s
   Uses
      At line 123 in file template.s
Comment: Source used once



ARM Macro Assembler    Page 7 Alphabetic symbol ordering
Relocatable symbols

SysTick_Handler 0000013E

Symbol: SysTick_Handler
   Definitions
      At line 281 in file template.s
   Uses
      At line 60 in file template.s
      At line 282 in file template.s

TIMER0_IRQHandler 00000140

Symbol: TIMER0_IRQHandler
   Definitions
      At line 325 in file template.s
   Uses
      At line 64 in file template.s
      At line 289 in file template.s

TIMER1_IRQHandler 00000140

Symbol: TIMER1_IRQHandler
   Definitions
      At line 326 in file template.s
   Uses
      At line 65 in file template.s
      At line 290 in file template.s

TIMER2_IRQHandler 00000140

Symbol: TIMER2_IRQHandler
   Definitions
      At line 327 in file template.s
   Uses
      At line 66 in file template.s
      At line 291 in file template.s

TIMER3_IRQHandler 00000140

Symbol: TIMER3_IRQHandler
   Definitions
      At line 328 in file template.s
   Uses
      At line 67 in file template.s
      At line 292 in file template.s

UART0_IRQHandler 00000140

Symbol: UART0_IRQHandler
   Definitions
      At line 329 in file template.s
   Uses
      At line 68 in file template.s
      At line 293 in file template.s

UART1_IRQHandler 00000140

Symbol: UART1_IRQHandler
   Definitions
      At line 330 in file template.s



ARM Macro Assembler    Page 8 Alphabetic symbol ordering
Relocatable symbols

   Uses
      At line 69 in file template.s
      At line 294 in file template.s

UART2_IRQHandler 00000140

Symbol: UART2_IRQHandler
   Definitions
      At line 331 in file template.s
   Uses
      At line 70 in file template.s
      At line 295 in file template.s

UART3_IRQHandler 00000140

Symbol: UART3_IRQHandler
   Definitions
      At line 332 in file template.s
   Uses
      At line 71 in file template.s
      At line 296 in file template.s

USBActivity_IRQHandler 00000140

Symbol: USBActivity_IRQHandler
   Definitions
      At line 357 in file template.s
   Uses
      At line 96 in file template.s
      At line 321 in file template.s

USB_IRQHandler 00000140

Symbol: USB_IRQHandler
   Definitions
      At line 348 in file template.s
   Uses
      At line 87 in file template.s
      At line 312 in file template.s

UsageFault_Handler 00000046

Symbol: UsageFault_Handler
   Definitions
      At line 158 in file template.s
   Uses
      At line 51 in file template.s
      At line 159 in file template.s

WDT_IRQHandler 00000140

Symbol: WDT_IRQHandler
   Definitions
      At line 324 in file template.s
   Uses
      At line 63 in file template.s
      At line 288 in file template.s

53 symbols



ARM Macro Assembler    Page 1 Alphabetic symbol ordering
Absolute symbols

Heap_Size 00000200

Symbol: Heap_Size
   Definitions
      At line 28 in file template.s
   Uses
      At line 32 in file template.s
Comment: Heap_Size used once
Stack_Size 00000200

Symbol: Stack_Size
   Definitions
      At line 14 in file template.s
   Uses
      At line 17 in file template.s
      At line 18 in file template.s

2 symbols
404 symbols in table
